<?xml version="1.0" encoding="UTF-8"?>
<testExecutions version="1">
  <file path="D:\Cursos\NodeJS_Group07\test\integration\user.route.spec.ts">
  </file>
  <file path="D:\Cursos\NodeJS_Group07\test\unit\user.usecase.spec.ts">
    <testCase name="user.usecase.ts list" duration="4"/>
  </file>
  <file path="D:\Cursos\NodeJS_Group07\test\integration\server.bootstrap.spec.ts">
    <testCase name="server.bootstrap.ts initialize server" duration="35"/>
  </file>
</testExecutions>